<?xml version="1.0" encoding="UTF-8"?>
<coverage generated="1509881549585" clover="3.2.0">
  <project timestamp="1509881549585" name="All files">
    <metrics statements="9" coveredstatements="9" conditionals="4" coveredconditionals="4" methods="4" coveredmethods="4" elements="17" coveredelements="17" complexity="0" loc="9" ncloc="9" packages="1" files="2" classes="2">
      <file name="IconBar.vue" path="/Users/Gz/project/gongzza/w3-how-to-with-vue/src/components/menus/IconBar.vue">
        <metrics statements="6" coveredstatements="6" conditionals="2" coveredconditionals="2" methods="2" coveredmethods="2"/>
        <line num="15" count="4" type="stmt"/>
        <line num="17" count="4" type="cond" truecount="2" falsecount="0"/>
        <line num="19" count="4" type="stmt"/>
        <line num="20" count="8" type="stmt"/>
        <line num="21" count="8" type="stmt"/>
        <line num="24" count="4" type="stmt"/>
      </file>
      <file name="MenuIcon.vue" path="/Users/Gz/project/gongzza/w3-how-to-with-vue/src/components/menus/MenuIcon.vue">
        <metrics statements="3" coveredstatements="3" conditionals="2" coveredconditionals="2" methods="2" coveredmethods="2"/>
        <line num="19" count="2" type="stmt"/>
        <line num="25" count="2" type="cond" truecount="2" falsecount="0"/>
        <line num="26" count="1" type="stmt"/>
      </file>
    </metrics>
  </project>
</coverage>
