{"/Users/Gz/project/gongzza/w3-how-to-with-vue/src/components/menus/IconBar.vue": {"path":"/Users/Gz/project/gongzza/w3-how-to-with-vue/src/components/menus/IconBar.vue","statementMap":{"0":{"start":{"line":15,"column":0},"end":{"line":null,"column":-1}},"1":{"start":{"line":17,"column":0},"end":{"line":null,"column":-1}},"2":{"start":{"line":19,"column":0},"end":{"line":22,"column":0}},"3":{"start":{"line":20,"column":0},"end":{"line":null,"column":-1}},"4":{"start":{"line":21,"column":0},"end":{"line":null,"column":-1}},"5":{"start":{"line":24,"column":0},"end":{"line":null,"column":-1}}},"fnMap":{"0":{"name":"render","decl":{"start":{"line":14,"column":0},"end":{"line":null,"column":-1}},"loc":{"start":{"line":14,"column":0},"end":{"line":25,"column":0}}},"1":{"name":"(anonymous_2)","decl":{"start":{"line":19,"column":0},"end":{"line":null,"column":-1}},"loc":{"start":{"line":19,"column":0},"end":{"line":22,"column":0}}}},"branchMap":{"0":{"loc":{"start":{"line":17,"column":0},"end":{"line":null,"column":-1}},"type":"cond-expr","locations":[{"start":{"line":17,"column":0},"end":{"line":null,"column":-1}},{"start":{"line":17,"column":0},"end":{"line":null,"column":-1}}]}},"s":{"0":4,"1":4,"2":4,"3":8,"4":8,"5":4},"f":{"0":4,"1":8},"b":{"0":[2,2]}}
,"/Users/Gz/project/gongzza/w3-how-to-with-vue/src/components/menus/MenuIcon.vue": {"path":"/Users/Gz/project/gongzza/w3-how-to-with-vue/src/components/menus/MenuIcon.vue","statementMap":{"0":{"start":{"line":19,"column":0},"end":{"line":null,"column":-1}},"1":{"start":{"line":25,"column":0},"end":{"line":27,"column":0}},"2":{"start":{"line":26,"column":0},"end":{"line":null,"column":-1}}},"fnMap":{"0":{"name":"data","decl":{"start":{"line":18,"column":0},"end":{"line":null,"column":-1}},"loc":{"start":{"line":18,"column":0},"end":{"line":22,"column":0}}},"1":{"name":"toggleIcon","decl":{"start":{"line":24,"column":0},"end":{"line":null,"column":-1}},"loc":{"start":{"line":24,"column":0},"end":{"line":28,"column":0}}}},"branchMap":{"0":{"loc":{"start":{"line":25,"column":0},"end":{"line":27,"column":0}},"type":"if","locations":[{"start":{"line":25,"column":0},"end":{"line":27,"column":0}},{"start":{"line":25,"column":0},"end":{"line":27,"column":0}}]}},"s":{"0":2,"1":2,"2":1},"f":{"0":2,"1":2},"b":{"0":[1,1]}}
}
