TN:
SF:/Users/Gz/project/gongzza/w3-how-to-with-vue/src/components/menus/IconBar.vue
FN:14,render
FN:19,(anonymous_2)
FNF:2
FNH:2
FNDA:4,render
FNDA:8,(anonymous_2)
DA:15,4
DA:17,4
DA:19,4
DA:20,8
DA:21,8
DA:24,4
LF:6
LH:6
BRDA:17,0,0,2
BRDA:17,0,1,2
BRF:2
BRH:2
end_of_record
TN:
SF:/Users/Gz/project/gongzza/w3-how-to-with-vue/src/components/menus/MenuIcon.vue
FN:18,data
FN:24,toggleIcon
FNF:2
FNH:2
FNDA:2,data
FNDA:2,toggleIcon
DA:19,2
DA:25,2
DA:26,1
LF:3
LH:3
BRDA:25,0,0,1
BRDA:25,0,1,1
BRF:2
BRH:2
end_of_record
